<?xml version="1.0" encoding="UTF-8"?>
<testsuite xmlns:xsi="http://www.w3.org/2001/XMLSchema-instance" xsi:noNamespaceSchemaLocation="https://maven.apache.org/surefire/maven-surefire-plugin/xsd/surefire-test-report.xsd" name="org.dataanalyser.AppTest" time="0.04" tests="1" errors="0" skipped="0" failures="0">
  <properties>
    <property name="java.specification.version" value="16"/>
    <property name="sun.jnu.encoding" value="UTF-8"/>
    <property name="java.class.path" value="/home/stevenhgf/javaProjects/data/target/test-classes:/home/stevenhgf/javaProjects/data/target/classes:/home/stevenhgf/.m2/repository/org/biojava/biojava-genome/6.0.0-alpha3/biojava-genome-6.0.0-alpha3.jar:/home/stevenhgf/.m2/repository/com/google/guava/guava/29.0-jre/guava-29.0-jre.jar:/home/stevenhgf/.m2/repository/com/google/guava/failureaccess/1.0.1/failureaccess-1.0.1.jar:/home/stevenhgf/.m2/repository/com/google/guava/listenablefuture/9999.0-empty-to-avoid-conflict-with-guava/listenablefuture-9999.0-empty-to-avoid-conflict-with-guava.jar:/home/stevenhgf/.m2/repository/com/google/code/findbugs/jsr305/3.0.2/jsr305-3.0.2.jar:/home/stevenhgf/.m2/repository/org/checkerframework/checker-qual/2.11.1/checker-qual-2.11.1.jar:/home/stevenhgf/.m2/repository/com/google/errorprone/error_prone_annotations/2.3.4/error_prone_annotations-2.3.4.jar:/home/stevenhgf/.m2/repository/com/google/j2objc/j2objc-annotations/1.3/j2objc-annotations-1.3.jar:/home/stevenhgf/.m2/repository/org/biojava/biojava-core/6.0.0-alpha3/biojava-core-6.0.0-alpha3.jar:/home/stevenhgf/.m2/repository/org/biojava/biojava-alignment/6.0.0-alpha3/biojava-alignment-6.0.0-alpha3.jar:/home/stevenhgf/.m2/repository/org/biojava/thirdparty/forester/1.038/forester-1.038.jar:/home/stevenhgf/.m2/repository/org/slf4j/slf4j-api/1.7.30/slf4j-api-1.7.30.jar:/home/stevenhgf/.m2/repository/org/apache/logging/log4j/log4j-slf4j-impl/2.14.0/log4j-slf4j-impl-2.14.0.jar:/home/stevenhgf/.m2/repository/org/apache/logging/log4j/log4j-api/2.14.0/log4j-api-2.14.0.jar:/home/stevenhgf/.m2/repository/org/apache/logging/log4j/log4j-core/2.14.0/log4j-core-2.14.0.jar:/home/stevenhgf/.m2/repository/com/google/code/gson/gson/2.8.7/gson-2.8.7.jar:/home/stevenhgf/.m2/repository/org/apache/clerezza/ext/org.json.simple/0.4/org.json.simple-0.4.jar:/home/stevenhgf/.m2/repository/com/googlecode/json-simple/json-simple/1.1/json-simple-1.1.jar:/home/stevenhgf/.m2/repository/com/yahoo/vespa/processing/7.361.22/processing-7.361.22.jar:/home/stevenhgf/.m2/repository/com/yahoo/vespa/annotations/7.361.22/annotations-7.361.22.jar:/home/stevenhgf/.m2/repository/com/yahoo/vespa/container-di/7.361.22/container-di-7.361.22.jar:/home/stevenhgf/.m2/repository/com/yahoo/vespa/vespajlib/7.361.22/vespajlib-7.361.22.jar:/home/stevenhgf/.m2/repository/org/lz4/lz4-java/1.7.1/lz4-java-1.7.1.jar:/home/stevenhgf/.m2/repository/org/apache/commons/commons-exec/1.3/commons-exec-1.3.jar:/home/stevenhgf/.m2/repository/net/java/dev/jna/jna/4.5.2/jna-4.5.2.jar:/home/stevenhgf/.m2/repository/io/airlift/aircompressor/0.17/aircompressor-0.17.jar:/home/stevenhgf/.m2/repository/org/json/json/20210307/json-20210307.jar:/home/stevenhgf/.m2/repository/junit/junit/4.11/junit-4.11.jar:/home/stevenhgf/.m2/repository/org/hamcrest/hamcrest-core/1.3/hamcrest-core-1.3.jar:"/>
    <property name="java.vm.vendor" value="AdoptOpenJDK"/>
    <property name="sun.arch.data.model" value="64"/>
    <property name="java.vendor.url" value="https://adoptopenjdk.net/"/>
    <property name="os.name" value="Linux"/>
    <property name="java.vm.specification.version" value="16"/>
    <property name="sun.java.launcher" value="SUN_STANDARD"/>
    <property name="user.country" value="DE"/>
    <property name="sun.boot.library.path" value="/usr/lib/jvm/java-16-adoptopenjdk/lib"/>
    <property name="sun.java.command" value="/home/stevenhgf/javaProjects/data/target/surefire/surefirebooter4993298005644936748.jar /home/stevenhgf/javaProjects/data/target/surefire 2021-06-11T06-01-59_629-jvmRun1 surefire6476894453687014493tmp surefire_05253959195077497645tmp"/>
    <property name="jdk.debug" value="release"/>
    <property name="surefire.test.class.path" value="/home/stevenhgf/javaProjects/data/target/test-classes:/home/stevenhgf/javaProjects/data/target/classes:/home/stevenhgf/.m2/repository/org/biojava/biojava-genome/6.0.0-alpha3/biojava-genome-6.0.0-alpha3.jar:/home/stevenhgf/.m2/repository/com/google/guava/guava/29.0-jre/guava-29.0-jre.jar:/home/stevenhgf/.m2/repository/com/google/guava/failureaccess/1.0.1/failureaccess-1.0.1.jar:/home/stevenhgf/.m2/repository/com/google/guava/listenablefuture/9999.0-empty-to-avoid-conflict-with-guava/listenablefuture-9999.0-empty-to-avoid-conflict-with-guava.jar:/home/stevenhgf/.m2/repository/com/google/code/findbugs/jsr305/3.0.2/jsr305-3.0.2.jar:/home/stevenhgf/.m2/repository/org/checkerframework/checker-qual/2.11.1/checker-qual-2.11.1.jar:/home/stevenhgf/.m2/repository/com/google/errorprone/error_prone_annotations/2.3.4/error_prone_annotations-2.3.4.jar:/home/stevenhgf/.m2/repository/com/google/j2objc/j2objc-annotations/1.3/j2objc-annotations-1.3.jar:/home/stevenhgf/.m2/repository/org/biojava/biojava-core/6.0.0-alpha3/biojava-core-6.0.0-alpha3.jar:/home/stevenhgf/.m2/repository/org/biojava/biojava-alignment/6.0.0-alpha3/biojava-alignment-6.0.0-alpha3.jar:/home/stevenhgf/.m2/repository/org/biojava/thirdparty/forester/1.038/forester-1.038.jar:/home/stevenhgf/.m2/repository/org/slf4j/slf4j-api/1.7.30/slf4j-api-1.7.30.jar:/home/stevenhgf/.m2/repository/org/apache/logging/log4j/log4j-slf4j-impl/2.14.0/log4j-slf4j-impl-2.14.0.jar:/home/stevenhgf/.m2/repository/org/apache/logging/log4j/log4j-api/2.14.0/log4j-api-2.14.0.jar:/home/stevenhgf/.m2/repository/org/apache/logging/log4j/log4j-core/2.14.0/log4j-core-2.14.0.jar:/home/stevenhgf/.m2/repository/com/google/code/gson/gson/2.8.7/gson-2.8.7.jar:/home/stevenhgf/.m2/repository/org/apache/clerezza/ext/org.json.simple/0.4/org.json.simple-0.4.jar:/home/stevenhgf/.m2/repository/com/googlecode/json-simple/json-simple/1.1/json-simple-1.1.jar:/home/stevenhgf/.m2/repository/com/yahoo/vespa/processing/7.361.22/processing-7.361.22.jar:/home/stevenhgf/.m2/repository/com/yahoo/vespa/annotations/7.361.22/annotations-7.361.22.jar:/home/stevenhgf/.m2/repository/com/yahoo/vespa/container-di/7.361.22/container-di-7.361.22.jar:/home/stevenhgf/.m2/repository/com/yahoo/vespa/vespajlib/7.361.22/vespajlib-7.361.22.jar:/home/stevenhgf/.m2/repository/org/lz4/lz4-java/1.7.1/lz4-java-1.7.1.jar:/home/stevenhgf/.m2/repository/org/apache/commons/commons-exec/1.3/commons-exec-1.3.jar:/home/stevenhgf/.m2/repository/net/java/dev/jna/jna/4.5.2/jna-4.5.2.jar:/home/stevenhgf/.m2/repository/io/airlift/aircompressor/0.17/aircompressor-0.17.jar:/home/stevenhgf/.m2/repository/org/json/json/20210307/json-20210307.jar:/home/stevenhgf/.m2/repository/junit/junit/4.11/junit-4.11.jar:/home/stevenhgf/.m2/repository/org/hamcrest/hamcrest-core/1.3/hamcrest-core-1.3.jar:"/>
    <property name="sun.cpu.endian" value="little"/>
    <property name="user.home" value="/home/stevenhgf"/>
    <property name="user.language" value="de"/>
    <property name="java.specification.vendor" value="Oracle Corporation"/>
    <property name="java.version.date" value="2021-03-16"/>
    <property name="java.home" value="/usr/lib/jvm/java-16-adoptopenjdk"/>
    <property name="file.separator" value="/"/>
    <property name="basedir" value="/home/stevenhgf/javaProjects/data"/>
    <property name="java.vm.compressedOopsMode" value="32-bit"/>
    <property name="line.separator" value="&#10;"/>
    <property name="java.vm.specification.vendor" value="Oracle Corporation"/>
    <property name="java.specification.name" value="Java Platform API Specification"/>
    <property name="surefire.real.class.path" value="/home/stevenhgf/javaProjects/data/target/surefire/surefirebooter4993298005644936748.jar"/>
    <property name="sun.management.compiler" value="HotSpot 64-Bit Tiered Compilers"/>
    <property name="java.runtime.version" value="16+36"/>
    <property name="user.name" value="stevenhgf"/>
    <property name="path.separator" value=":"/>
    <property name="os.version" value="5.4.118-1-MANJARO"/>
    <property name="java.runtime.name" value="OpenJDK Runtime Environment"/>
    <property name="file.encoding" value="UTF-8"/>
    <property name="java.vm.name" value="OpenJDK 64-Bit Server VM"/>
    <property name="java.vendor.version" value="AdoptOpenJDK"/>
    <property name="localRepository" value="/home/stevenhgf/.m2/repository"/>
    <property name="java.vendor.url.bug" value="https://github.com/AdoptOpenJDK/openjdk-support/issues"/>
    <property name="java.io.tmpdir" value="/tmp"/>
    <property name="java.version" value="16"/>
    <property name="user.dir" value="/home/stevenhgf/javaProjects/data"/>
    <property name="os.arch" value="amd64"/>
    <property name="java.vm.specification.name" value="Java Virtual Machine Specification"/>
    <property name="java.library.path" value="/usr/java/packages/lib:/usr/lib64:/lib64:/lib:/usr/lib"/>
    <property name="java.vm.info" value="mixed mode, sharing"/>
    <property name="java.vendor" value="AdoptOpenJDK"/>
    <property name="java.vm.version" value="16+36"/>
    <property name="sun.io.unicode.encoding" value="UnicodeLittle"/>
    <property name="java.class.version" value="60.0"/>
  </properties>
  <testcase name="shouldAnswerWithTrue" classname="org.dataanalyser.AppTest" time="0.003"/>
</testsuite>